<?xml version="1.0" encoding="UTF-8"?>
<!-- Generated by org.testng.reporters.JUnitReportReporter -->
<testsuite hostname="DESKTOP-IV0LMSR" failures="0" tests="1" name="com.testcases.AddProductTest" time="23.984" errors="0" timestamp="2023-10-09T11:58:20 IST" skipped="0">
  <testcase classname="com.testcases.AddProductTest" name="addp" time="23.984"/>
</testsuite> <!-- com.testcases.AddProductTest -->
