<?xml version="1.0" encoding="UTF-8"?>
<!-- Generated by org.testng.reporters.JUnitReportReporter -->
<testsuite hostname="DESKTOP-IV0LMSR" failures="0" tests="1" name="com.testcases.UserTypeTest" time="33.839" errors="0" timestamp="2023-10-11T11:19:09 IST" skipped="0">
  <testcase classname="com.testcases.UserTypeTest" name="verifyusertypetestm" time="33.839"/>
</testsuite> <!-- com.testcases.UserTypeTest -->
