<?xml version="1.0" encoding="UTF-8"?>
<!-- Generated by org.testng.reporters.JUnitReportReporter -->
<testsuite hostname="DESKTOP-IV0LMSR" failures="0" tests="1" name="com.testcases.CustomerAddTest" time="42.432" errors="0" timestamp="2023-10-12T17:39:30 IST" skipped="0">
  <testcase classname="com.testcases.CustomerAddTest" name="verifycustomeradd" time="42.432"/>
</testsuite> <!-- com.testcases.CustomerAddTest -->
