<?xml version="1.0" encoding="UTF-8"?>
<!-- Generated by org.testng.reporters.JUnitReportReporter -->
<testsuite hostname="DESKTOP-IV0LMSR" failures="0" tests="1" name="com.testcases.AddProductTest" time="25.068" errors="0" timestamp="2023-10-12T17:46:10 IST" skipped="0">
  <testcase classname="com.testcases.AddProductTest" name="addp" time="25.068"/>
</testsuite> <!-- com.testcases.AddProductTest -->
