<?xml version="1.0" encoding="UTF-8"?>
<!-- Generated by org.testng.reporters.JUnitReportReporter -->
<testsuite hostname="DESKTOP-IV0LMSR" failures="0" tests="1" name="com.testcases.HolidaysTest" time="39.984" errors="0" timestamp="2023-10-13T12:18:05 IST" skipped="0">
  <testcase classname="com.testcases.HolidaysTest" name="verifyholiday" time="39.984"/>
</testsuite> <!-- com.testcases.HolidaysTest -->
