<?xml version="1.0" encoding="UTF-8"?>
<!-- Generated by org.testng.reporters.JUnitReportReporter -->
<testsuite hostname="DESKTOP-IV0LMSR" failures="0" tests="1" name="com.testcases.CompanyTest" time="17.993" errors="0" timestamp="2023-11-06T11:47:35 IST" skipped="0">
  <testcase classname="com.testcases.CompanyTest" name="editcompanyvalidation" time="17.993"/>
</testsuite> <!-- com.testcases.CompanyTest -->
