<?xml version="1.0" encoding="UTF-8"?>
<!-- Generated by org.testng.reporters.JUnitReportReporter -->
<testsuite hostname="DESKTOP-IV0LMSR" failures="0" tests="1" name="com.testcases.LogoutPageTest" time="10.200" errors="0" timestamp="2023-10-17T12:00:08 IST" skipped="0">
  <testcase classname="com.testcases.LogoutPageTest" name="verifylogout" time="10.200"/>
</testsuite> <!-- com.testcases.LogoutPageTest -->
