<?xml version="1.0" encoding="UTF-8"?>
<!-- Generated by org.testng.reporters.JUnitReportReporter -->
<testsuite hostname="DESKTOP-IV0LMSR" failures="0" tests="1" name="com.testcases.StockMoveTest" time="27.585" errors="0" timestamp="2023-10-12T17:29:08 IST" skipped="0">
  <testcase classname="com.testcases.StockMoveTest" name="verifystockmovetest" time="27.585"/>
</testsuite> <!-- com.testcases.StockMoveTest -->
